<?xml version="1.0" encoding="UTF-8"?>
<!-- Generated by org.testng.reporters.JUnitReportReporter -->
<testsuite skipped="0" hostname="ip-172-31-28-216" name="testcases.LoginTestCases" tests="2" failures="0" timestamp="2022-06-19T19:18:16 UTC" time="2.837" errors="0">
  <testcase name="LoginSuccessTest" time="1.278" classname="testcases.LoginTestCases"/>
  <system-out/>
  <testcase name="LoginFailTest" time="1.559" classname="testcases.LoginTestCases"/>
  <system-out/>
</testsuite> <!-- testcases.LoginTestCases -->
